app/build/outputs/logs/manifest-merger-debug-report.txt
-- Merging decision tree log ---
manifest
ADDED from src/main/AndroidManifest.xml:1:1-38:12
	xmlns:android
		ADDED from src/main/AndroidManifest.xml:1:11-69
	package
		ADDED from src/main/AndroidManifest.xml:2:5-27
		INJECTED from src/main/AndroidManifest.xml
		INJECTED from src/main/AndroidManifest.xml
	android:versionName
		ADDED from src/main/AndroidManifest.xml:4:5-30
	android:versionCode
		ADDED from src/main/AndroidManifest.xml:3:5-28
		INJECTED from src/main/AndroidManifest.xml
		INJECTED from src/main/AndroidManifest.xml
uses-sdk
ADDED from src/main/AndroidManifest.xml:6:5-8:41
	android:targetSdkVersion
		ADDED from src/main/AndroidManifest.xml:8:9-38
		INJECTED from src/main/AndroidManifest.xml
		INJECTED from src/main/AndroidManifest.xml
	android:minSdkVersion
		ADDED from src/main/AndroidManifest.xml:7:9-34
		INJECTED from src/main/AndroidManifest.xml
		INJECTED from src/main/AndroidManifest.xml
uses-permission#android.permission.INTERNET
ADDED from src/main/AndroidManifest.xml:10:5-67
	android:name
		ADDED from src/main/AndroidManifest.xml:10:22-64
uses-permission#android.permission.WRITE_EXTERNAL_STORAGE
ADDED from src/main/AndroidManifest.xml:11:5-81
	android:name
		ADDED from src/main/AndroidManifest.xml:11:22-78
application
ADDED from src/main/AndroidManifest.xml:13:5-36:19
	android:label
		ADDED from src/main/AndroidManifest.xml:16:9-41
	android:allowBackup
		ADDED from src/main/AndroidManifest.xml:14:9-35
	android:icon
		ADDED from src/main/AndroidManifest.xml:15:9-46
	android:theme
		ADDED from src/main/AndroidManifest.xml:17:9-39
activity#com.tongyuan.activity.SplashActivity
ADDED from src/main/AndroidManifest.xml:18:9-26:20
	android:label
		ADDED from src/main/AndroidManifest.xml:20:13-45
	android:name
		ADDED from src/main/AndroidManifest.xml:19:13-64
intent-filter#android.intent.action.MAIN+android.intent.category.LAUNCHER
ADDED from src/main/AndroidManifest.xml:21:13-25:29
action#android.intent.action.MAIN
ADDED from src/main/AndroidManifest.xml:22:17-69
	android:name
		ADDED from src/main/AndroidManifest.xml:22:25-66
category#android.intent.category.LAUNCHER
ADDED from src/main/AndroidManifest.xml:24:17-77
	android:name
		ADDED from src/main/AndroidManifest.xml:24:27-74
activity#com.tongyuan.activity.BaseHeadActivity
ADDED from src/main/AndroidManifest.xml:27:9-28:20
	android:name
		ADDED from src/main/AndroidManifest.xml:27:19-72
activity#com.tongyuan.activity.HomeActivity
ADDED from src/main/AndroidManifest.xml:29:9-71
	android:name
		ADDED from src/main/AndroidManifest.xml:29:19-68
activity#com.tongyuan.activity.MyActivity
ADDED from src/main/AndroidManifest.xml:30:9-69
	android:name
		ADDED from src/main/AndroidManifest.xml:30:19-66
activity#com.tongyuan.activity.ProductActivity
ADDED from src/main/AndroidManifest.xml:31:9-74
	android:name
		ADDED from src/main/AndroidManifest.xml:31:19-71
activity#com.tongyuan.activity.TodayActivity
ADDED from src/main/AndroidManifest.xml:32:9-72
	android:name
		ADDED from src/main/AndroidManifest.xml:32:19-69
activity#com.tongyuan.activity.TodayActivity2
ADDED from src/main/AndroidManifest.xml:33:9-73
	android:name
		ADDED from src/main/AndroidManifest.xml:33:19-70
activity#com.tongyuan.activity.YangShengActivity
ADDED from src/main/AndroidManifest.xml:34:9-76
	android:name
		ADDED from src/main/AndroidManifest.xml:34:19-73
activity#com.tongyuan.activity.ShopCarActivity
ADDED from src/main/AndroidManifest.xml:35:9-74
	android:name
		ADDED from src/main/AndroidManifest.xml:35:19-71